<?xml version="1.0" encoding="UTF-8"?>
<!-- Generated by org.testng.reporters.JUnitXMLReporter -->
<testsuite hostname="DESKTOP-9IJ2P5U" ignored="0" name="Test" tests="8" failures="0" timestamp="01 Jul 2021 06:32:18 GMT" time="212.617" errors="0">
  <testcase name="verifyItemPageTitle" time="2.062" classname="com.fl.qa.testcases.ProductPageTest"/>
  <testcase name="loginTest" time="2.56" classname="com.fl.qa.testcases.LoginPageTest"/>
  <testcase name="verifyHomePageTitle" time="0.009" classname="com.fl.qa.testcases.HomePageTest"/>
  <testcase name="verifyOrderPageTitle" time="0.008" classname="com.fl.qa.testcases.PaymentPageTest"/>
  <testcase name="buyNow" time="1.403" classname="com.fl.qa.testcases.ProductPageTest"/>
  <testcase name="verifyLoginPageTitle" time="0.006" classname="com.fl.qa.testcases.LoginPageTest"/>
  <testcase name="itemSearchclick" time="9.384" classname="com.fl.qa.testcases.HomePageTest"/>
  <testcase name="PlaceOrder" time="37.385" classname="com.fl.qa.testcases.PaymentPageTest"/>
</testsuite> <!-- Test -->
