<?xml version="1.0" encoding="UTF-8"?>
<testng-results skipped="0" failed="0" ignored="0" total="8" passed="8">
  <reporter-output>
  </reporter-output>
  <suite name="Suite" duration-ms="212617" started-at="2021-07-01T06:28:45Z" finished-at="2021-07-01T06:32:17Z">
    <groups>
    </groups>
    <test name="Test" duration-ms="212617" started-at="2021-07-01T06:28:45Z" finished-at="2021-07-01T06:32:17Z">
      <class name="com.fl.qa.testcases.HomePageTest">
        <test-method status="PASS" signature="setUp()[pri:0, instance:com.fl.qa.testcases.HomePageTest@6b0c2d26]" name="setUp" is-config="true" duration-ms="6462" started-at="2021-07-01T11:59:53Z" finished-at="2021-07-01T11:59:59Z">
          <reporter-output>
          </reporter-output>
        </test-method> <!-- setUp -->
        <test-method status="PASS" signature="verifyHomePageTitle()[pri:1, instance:com.fl.qa.testcases.HomePageTest@6b0c2d26]" name="verifyHomePageTitle" duration-ms="9" started-at="2021-07-01T11:59:59Z" finished-at="2021-07-01T11:59:59Z">
          <reporter-output>
          </reporter-output>
        </test-method> <!-- verifyHomePageTitle -->
        <test-method status="PASS" signature="tearDown()[pri:0, instance:com.fl.qa.testcases.HomePageTest@6b0c2d26]" name="tearDown" is-config="true" duration-ms="0" started-at="2021-07-01T12:00:00Z" finished-at="2021-07-01T12:00:00Z">
          <reporter-output>
          </reporter-output>
        </test-method> <!-- tearDown -->
        <test-method status="PASS" signature="setUp()[pri:0, instance:com.fl.qa.testcases.HomePageTest@6b0c2d26]" name="setUp" is-config="true" duration-ms="10402" started-at="2021-07-01T12:00:48Z" finished-at="2021-07-01T12:00:59Z">
          <reporter-output>
          </reporter-output>
        </test-method> <!-- setUp -->
        <test-method status="PASS" signature="itemSearchclick()[pri:2, instance:com.fl.qa.testcases.HomePageTest@6b0c2d26]" name="itemSearchclick" duration-ms="9384" started-at="2021-07-01T12:00:59Z" finished-at="2021-07-01T12:01:08Z">
          <reporter-output>
          </reporter-output>
        </test-method> <!-- itemSearchclick -->
        <test-method status="PASS" signature="tearDown()[pri:0, instance:com.fl.qa.testcases.HomePageTest@6b0c2d26]" name="tearDown" is-config="true" duration-ms="0" started-at="2021-07-01T12:01:08Z" finished-at="2021-07-01T12:01:08Z">
          <reporter-output>
          </reporter-output>
        </test-method> <!-- tearDown -->
      </class> <!-- com.fl.qa.testcases.HomePageTest -->
      <class name="com.fl.qa.testcases.LoginPageTest">
        <test-method status="PASS" signature="setUp()[pri:0, instance:com.fl.qa.testcases.LoginPageTest@1c72da34]" name="setUp" is-config="true" duration-ms="6221" started-at="2021-07-01T11:59:43Z" finished-at="2021-07-01T11:59:49Z">
          <reporter-output>
          </reporter-output>
        </test-method> <!-- setUp -->
        <test-method status="PASS" signature="loginTest()[pri:1, instance:com.fl.qa.testcases.LoginPageTest@1c72da34]" name="loginTest" duration-ms="2560" started-at="2021-07-01T11:59:49Z" finished-at="2021-07-01T11:59:52Z">
          <reporter-output>
          </reporter-output>
        </test-method> <!-- loginTest -->
        <test-method status="PASS" signature="tearDown()[pri:0, instance:com.fl.qa.testcases.LoginPageTest@1c72da34]" name="tearDown" is-config="true" duration-ms="0" started-at="2021-07-01T11:59:53Z" finished-at="2021-07-01T11:59:53Z">
          <reporter-output>
          </reporter-output>
        </test-method> <!-- tearDown -->
        <test-method status="PASS" signature="setUp()[pri:0, instance:com.fl.qa.testcases.LoginPageTest@1c72da34]" name="setUp" is-config="true" duration-ms="7898" started-at="2021-07-01T12:00:40Z" finished-at="2021-07-01T12:00:48Z">
          <reporter-output>
          </reporter-output>
        </test-method> <!-- setUp -->
        <test-method status="PASS" signature="verifyLoginPageTitle()[pri:2, instance:com.fl.qa.testcases.LoginPageTest@1c72da34]" name="verifyLoginPageTitle" duration-ms="6" started-at="2021-07-01T12:00:48Z" finished-at="2021-07-01T12:00:48Z">
          <reporter-output>
          </reporter-output>
        </test-method> <!-- verifyLoginPageTitle -->
        <test-method status="PASS" signature="tearDown()[pri:0, instance:com.fl.qa.testcases.LoginPageTest@1c72da34]" name="tearDown" is-config="true" duration-ms="0" started-at="2021-07-01T12:00:48Z" finished-at="2021-07-01T12:00:48Z">
          <reporter-output>
          </reporter-output>
        </test-method> <!-- tearDown -->
      </class> <!-- com.fl.qa.testcases.LoginPageTest -->
      <class name="com.fl.qa.testcases.PaymentPageTest">
        <test-method status="PASS" signature="setUp()[pri:0, instance:com.fl.qa.testcases.PaymentPageTest@49e202ad]" name="setUp" is-config="true" duration-ms="21682" started-at="2021-07-01T11:58:45Z" finished-at="2021-07-01T11:59:06Z">
          <reporter-output>
          </reporter-output>
        </test-method> <!-- setUp -->
        <test-method status="PASS" signature="setUp()[pri:0, instance:com.fl.qa.testcases.ProductPageTest@6166e06f]" name="setUp" is-config="true" duration-ms="17862" started-at="2021-07-01T11:59:06Z" finished-at="2021-07-01T11:59:24Z">
          <reporter-output>
          </reporter-output>
        </test-method> <!-- setUp -->
        <test-method status="PASS" signature="setUp()[pri:0, instance:com.fl.qa.testcases.PaymentPageTest@49e202ad]" name="setUp" is-config="true" duration-ms="20757" started-at="2021-07-01T12:00:00Z" finished-at="2021-07-01T12:00:21Z">
          <reporter-output>
          </reporter-output>
        </test-method> <!-- setUp -->
        <test-method status="PASS" signature="verifyOrderPageTitle()[pri:1, instance:com.fl.qa.testcases.PaymentPageTest@49e202ad]" name="verifyOrderPageTitle" duration-ms="8" started-at="2021-07-01T12:00:21Z" finished-at="2021-07-01T12:00:21Z">
          <reporter-output>
          </reporter-output>
        </test-method> <!-- verifyOrderPageTitle -->
        <test-method status="PASS" signature="tearDown()[pri:0, instance:com.fl.qa.testcases.PaymentPageTest@49e202ad]" name="tearDown" is-config="true" duration-ms="654" started-at="2021-07-01T12:00:21Z" finished-at="2021-07-01T12:00:21Z">
          <reporter-output>
          </reporter-output>
        </test-method> <!-- tearDown -->
        <test-method status="PASS" signature="setUp()[pri:0, instance:com.fl.qa.testcases.PaymentPageTest@49e202ad]" name="setUp" is-config="true" duration-ms="29596" started-at="2021-07-01T12:01:08Z" finished-at="2021-07-01T12:01:38Z">
          <reporter-output>
          </reporter-output>
        </test-method> <!-- setUp -->
        <test-method status="PASS" signature="PlaceOrder()[pri:2, instance:com.fl.qa.testcases.PaymentPageTest@49e202ad]" name="PlaceOrder" duration-ms="37385" started-at="2021-07-01T12:01:38Z" finished-at="2021-07-01T12:02:15Z">
          <reporter-output>
          </reporter-output>
        </test-method> <!-- PlaceOrder -->
        <test-method status="PASS" signature="tearDown()[pri:0, instance:com.fl.qa.testcases.PaymentPageTest@49e202ad]" name="tearDown" is-config="true" duration-ms="1585" started-at="2021-07-01T12:02:16Z" finished-at="2021-07-01T12:02:17Z">
          <reporter-output>
          </reporter-output>
        </test-method> <!-- tearDown -->
        <test-method status="PASS" signature="tearDown()[pri:0, instance:com.fl.qa.testcases.ProductPageTest@6166e06f]" name="tearDown" is-config="true" duration-ms="0" started-at="2021-07-01T12:02:17Z" finished-at="2021-07-01T12:02:17Z">
          <reporter-output>
          </reporter-output>
        </test-method> <!-- tearDown -->
        <test-method status="PASS" signature="tearDown()[pri:0, instance:com.fl.qa.testcases.PaymentPageTest@49e202ad]" name="tearDown" is-config="true" duration-ms="0" started-at="2021-07-01T12:02:17Z" finished-at="2021-07-01T12:02:17Z">
          <reporter-output>
          </reporter-output>
        </test-method> <!-- tearDown -->
      </class> <!-- com.fl.qa.testcases.PaymentPageTest -->
      <class name="com.fl.qa.testcases.ProductPageTest">
        <test-method status="PASS" signature="setUp()[pri:0, instance:com.fl.qa.testcases.ProductPageTest@6166e06f]" name="setUp" is-config="true" duration-ms="16446" started-at="2021-07-01T11:59:24Z" finished-at="2021-07-01T11:59:41Z">
          <reporter-output>
          </reporter-output>
        </test-method> <!-- setUp -->
        <test-method status="PASS" signature="verifyItemPageTitle()[pri:1, instance:com.fl.qa.testcases.ProductPageTest@6166e06f]" name="verifyItemPageTitle" duration-ms="2062" started-at="2021-07-01T11:59:41Z" finished-at="2021-07-01T11:59:43Z">
          <reporter-output>
          </reporter-output>
        </test-method> <!-- verifyItemPageTitle -->
        <test-method status="PASS" signature="tearDown()[pri:0, instance:com.fl.qa.testcases.ProductPageTest@6166e06f]" name="tearDown" is-config="true" duration-ms="0" started-at="2021-07-01T11:59:43Z" finished-at="2021-07-01T11:59:43Z">
          <reporter-output>
          </reporter-output>
        </test-method> <!-- tearDown -->
        <test-method status="PASS" signature="setUp()[pri:0, instance:com.fl.qa.testcases.ProductPageTest@6166e06f]" name="setUp" is-config="true" duration-ms="16927" started-at="2021-07-01T12:00:21Z" finished-at="2021-07-01T12:00:38Z">
          <reporter-output>
          </reporter-output>
        </test-method> <!-- setUp -->
        <test-method status="PASS" signature="buyNow()[pri:2, instance:com.fl.qa.testcases.ProductPageTest@6166e06f]" name="buyNow" duration-ms="1403" started-at="2021-07-01T12:00:38Z" finished-at="2021-07-01T12:00:40Z">
          <reporter-output>
          </reporter-output>
        </test-method> <!-- buyNow -->
        <test-method status="PASS" signature="tearDown()[pri:0, instance:com.fl.qa.testcases.ProductPageTest@6166e06f]" name="tearDown" is-config="true" duration-ms="0" started-at="2021-07-01T12:00:40Z" finished-at="2021-07-01T12:00:40Z">
          <reporter-output>
          </reporter-output>
        </test-method> <!-- tearDown -->
      </class> <!-- com.fl.qa.testcases.ProductPageTest -->
    </test> <!-- Test -->
  </suite> <!-- Suite -->
</testng-results>
