<?xml version="1.0" encoding="UTF-8"?>
<!-- Generated by org.testng.reporters.JUnitReportReporter -->
<testsuite skipped="0" hostname="DESKTOP-9IJ2P5U" name="com.fl.qa.testcases.HomePageTest" tests="2" failures="0" timestamp="01 Jul 2021 06:32:19 GMT" time="26.257" errors="0">
  <testcase name="verifyHomePageTitle" time="6.471" classname="com.fl.qa.testcases.HomePageTest"/>
  <testcase name="itemSearchclick" time="19.786" classname="com.fl.qa.testcases.HomePageTest"/>
</testsuite> <!-- com.fl.qa.testcases.HomePageTest -->
