<?xml version="1.0" encoding="UTF-8"?>
<!-- Generated by org.testng.reporters.JUnitReportReporter -->
<testsuite skipped="0" hostname="DESKTOP-9IJ2P5U" name="com.fl.qa.testcases.ProductPageTest" tests="2" failures="0" timestamp="01 Jul 2021 06:32:19 GMT" time="36.838" errors="0">
  <testcase name="verifyItemPageTitle" time="18.508" classname="com.fl.qa.testcases.ProductPageTest"/>
  <testcase name="buyNow" time="18.330" classname="com.fl.qa.testcases.ProductPageTest"/>
</testsuite> <!-- com.fl.qa.testcases.ProductPageTest -->
