<?xml version="1.0" encoding="UTF-8"?>
<!-- Generated by org.testng.reporters.JUnitReportReporter -->
<testsuite skipped="0" hostname="DESKTOP-9IJ2P5U" name="com.fl.qa.testcases.PaymentPageTest" tests="2" failures="0" timestamp="01 Jul 2021 06:32:19 GMT" time="89.985" errors="0">
  <testcase name="verifyOrderPageTitle" time="31.189" classname="com.fl.qa.testcases.PaymentPageTest"/>
  <testcase name="PlaceOrder" time="58.796" classname="com.fl.qa.testcases.PaymentPageTest"/>
</testsuite> <!-- com.fl.qa.testcases.PaymentPageTest -->
