<?xml version="1.0" encoding="UTF-8"?>
<!-- Generated by org.testng.reporters.JUnitReportReporter -->
<testsuite skipped="0" hostname="DESKTOP-9IJ2P5U" name="com.fl.qa.testcases.LoginPageTest" tests="2" failures="0" timestamp="01 Jul 2021 06:32:18 GMT" time="16.685" errors="0">
  <testcase name="loginTest" time="10.458" classname="com.fl.qa.testcases.LoginPageTest"/>
  <testcase name="verifyLoginPageTitle" time="6.227" classname="com.fl.qa.testcases.LoginPageTest"/>
</testsuite> <!-- com.fl.qa.testcases.LoginPageTest -->
